#
# There is insufficient memory for the Java Runtime Environment to continue.
# Native memory allocation (mmap) failed to map 210763776 bytes for committing reserved memory.
# Possible reasons:
#   The system is out of physical RAM or swap space
#   In 32 bit mode, the process size limit was hit
# Possible solutions:
#   Reduce memory load on the system
#   Increase physical memory or swap space
#   Check if swap backing store is full
#   Use 64 bit Java on a 64 bit OS
#   Decrease Java heap size (-Xmx/-Xms)
#   Decrease number of Java threads
#   Decrease Java thread stack sizes (-Xss)
#   Set larger code cache with -XX:ReservedCodeCacheSize=
# This output file may be truncated or incomplete.
#
#  Out of Memory Error (os_linux.cpp:2627), pid=9096, tid=139987637384960
#
# JRE version: Java(TM) SE Runtime Environment (8.0_66-b17) (build 1.8.0_66-b17)
# Java VM: Java HotSpot(TM) 64-Bit Server VM (25.66-b17 mixed mode linux-amd64 compressed oops)
# Failed to write core dump. Core dumps have been disabled. To enable core dumping, try "ulimit -c unlimited" before starting Java again
#

---------------  T H R E A D  ---------------

Current thread (0x00007f5164022800):  GCTaskThread [stack: 0x00007f5169563000,0x00007f5169664000] [id=9105]

Stack: [0x00007f5169563000,0x00007f5169664000],  sp=0x00007f5169662820,  free space=1022k
Native frames: (J=compiled Java code, j=interpreted, Vv=VM code, C=native code)
V  [libjvm.so+0xab9a1a]  VMError::report_and_die()+0x2ba
V  [libjvm.so+0x4f9e0b]  report_vm_out_of_memory(char const*, int, unsigned long, VMErrorType, char const*)+0x8b
V  [libjvm.so+0x91a8a3]  os::Linux::commit_memory_impl(char*, unsigned long, bool)+0x103
V  [libjvm.so+0x91adf9]  os::pd_commit_memory(char*, unsigned long, unsigned long, bool)+0x29
V  [libjvm.so+0x91510a]  os::commit_memory(char*, unsigned long, unsigned long, bool)+0x2a
V  [libjvm.so+0x9887a3]  PSVirtualSpace::expand_by(unsigned long)+0x53
V  [libjvm.so+0x979090]  PSOldGen::expand(unsigned long)+0x170
V  [libjvm.so+0x9792da]  PSOldGen::expand_and_cas_allocate(unsigned long)+0x1a
V  [libjvm.so+0x984240]  oopDesc* PSPromotionManager::copy_to_survivor_space<false>(oopDesc*)+0x690
V  [libjvm.so+0x9874d6]  StealTask::do_it(GCTaskManager*, unsigned int)+0x2f6
V  [libjvm.so+0x5d3bcf]  GCTaskThread::run()+0x12f
V  [libjvm.so+0x91cc68]  java_start(Thread*)+0x108


---------------  P R O C E S S  ---------------

Java Threads: ( => current thread )
  0x00007f51644f5000 JavaThread "Thread-1-rb" [_thread_blocked, id=9116, stack(0x00007f51373f2000,0x00007f51374f3000)]
  0x00007f51640c3000 JavaThread "Service Thread" daemon [_thread_blocked, id=9114, stack(0x00007f513762e000,0x00007f513772f000)]
  0x00007f51640bd800 JavaThread "C1 CompilerThread2" daemon [_thread_blocked, id=9113, stack(0x00007f513772f000,0x00007f5137830000)]
  0x00007f51640bb800 JavaThread "C2 CompilerThread1" daemon [_thread_blocked, id=9112, stack(0x00007f5137830000,0x00007f5137931000)]
  0x00007f51640b9000 JavaThread "C2 CompilerThread0" daemon [_thread_blocked, id=9111, stack(0x00007f5137931000,0x00007f5137a32000)]
  0x00007f51640b7800 JavaThread "Signal Dispatcher" daemon [_thread_blocked, id=9110, stack(0x00007f5137a32000,0x00007f5137b33000)]
  0x00007f516407f000 JavaThread "Finalizer" daemon [_thread_blocked, id=9109, stack(0x00007f5137dfe000,0x00007f5137eff000)]
  0x00007f516407d000 JavaThread "Reference Handler" daemon [_thread_blocked, id=9108, stack(0x00007f5137eff000,0x00007f5138000000)]
  0x00007f516400a000 JavaThread "main" [_thread_blocked, id=9102, stack(0x00007f516d7e4000,0x00007f516d8e5000)]

Other Threads:
  0x00007f5164078000 VMThread [stack: 0x00007f514c0f1000,0x00007f514c1f2000] [id=9107]
  0x00007f51640c5800 WatcherThread [stack: 0x00007f513752d000,0x00007f513762e000] [id=9115]

=>0x00007f5164022800 (exited) GCTaskThread [stack: 0x00007f5169563000,0x00007f5169664000] [id=9105]

VM state:at safepoint (normal execution)

VM Mutex/Monitor currently owned by a thread:  ([mutex/lock_event])
[0x00007f5164005ba0] ExpandHeap_lock - owner thread: 0x00007f5164022800
[0x00007f5164006220] Threads_lock - owner thread: 0x00007f5164078000
[0x00007f5164006720] Heap_lock - owner thread: 0x00007f51644f5000

Heap:
 PSYoungGen      total 656384K, used 629466K [0x000000076ab00000, 0x0000000798d00000, 0x00000007c0000000)
  eden space 577536K, 100% used [0x000000076ab00000,0x000000078df00000,0x000000078df00000)
  from space 78848K, 65% used [0x0000000794000000,0x00000007972b6920,0x0000000798d00000)
  to   space 89088K, 29% used [0x000000078df00000,0x000000078f88ea98,0x0000000793600000)
 ParOldGen       total 684032K, used 626240K [0x00000006c0000000, 0x00000006e9c00000, 0x000000076ab00000)
  object space 684032K, 91% used [0x00000006c0000000,0x00000006e6390040,0x00000006e9c00000)
 Metaspace       used 9189K, capacity 9364K, committed 9472K, reserved 1056768K
  class space    used 1140K, capacity 1180K, committed 1280K, reserved 1048576K

Card table byte_map: [0x00007f5169dbc000,0x00007f516a5bd000] byte_map_base: 0x00007f51667bc000

Marking Bits: (ParMarkBitMap*) 0x00007f516ccce020
 Begin Bits: [0x00007f514d000000, 0x00007f5151000000)
 End Bits:   [0x00007f5151000000, 0x00007f5155000000)

Polling page: 0x00007f516d91b000

CodeCache: size=245760Kb used=5506Kb max_used=5506Kb free=240253Kb
 bounds [0x00007f5155000000, 0x00007f5155570000, 0x00007f5164000000]
 total_blobs=1399 nmethods=1086 adapters=228
 compilation: enabled

Compilation events (10 events):
Event: 23,491 Thread 0x00007f51640bd800 1093       3       com.google.protobuf.LiteralByteString::newCodedInput (5 bytes)
Event: 23,492 Thread 0x00007f51640bd800 nmethod 1093 0x00007f515555e990 code [0x00007f515555eb40, 0x00007f515555efd8]
Event: 23,492 Thread 0x00007f51640bd800 1094   !   3       com.google.protobuf.CodedInputStream::newInstance (33 bytes)
Event: 23,492 Thread 0x00007f51640bd800 nmethod 1094 0x00007f5155561310 code [0x00007f51555614c0, 0x00007f51555618d8]
Event: 23,492 Thread 0x00007f51640bd800 1095       3       com.google.protobuf.CodedInputStream::<init> (81 bytes)
Event: 23,492 Thread 0x00007f51640bd800 nmethod 1095 0x00007f5155561ad0 code [0x00007f5155561c60, 0x00007f5155562038]
Event: 23,492 Thread 0x00007f51640bd800 1096       3       org.openstreetmap.osmosis.osmbinary.Osmformat$PrimitiveGroup::initFields (36 bytes)
Event: 23,492 Thread 0x00007f51640bd800 nmethod 1096 0x00007f5155562150 code [0x00007f51555622e0, 0x00007f5155562690]
Event: 23,492 Thread 0x00007f51640bd800 1097       3       org.openstreetmap.osmosis.osmbinary.Osmformat$DenseNodes::getDefaultInstance (4 bytes)
Event: 23,492 Thread 0x00007f51640bd800 nmethod 1097 0x00007f515555e690 code [0x00007f515555e7e0, 0x00007f515555e910]

GC Heap History (10 events):
Event: 18,307 GC heap after
Heap after GC invocations=23 (full 4):
 PSYoungGen      total 484864K, used 43665K [0x000000076ab00000, 0x0000000793000000, 0x00000007c0000000)
  eden space 386048K, 0% used [0x000000076ab00000,0x000000076ab00000,0x0000000782400000)
  from space 98816K, 44% used [0x0000000782400000,0x0000000784ea46a0,0x0000000788480000)
  to   space 94720K, 0% used [0x000000078d380000,0x000000078d380000,0x0000000793000000)
 ParOldGen       total 543744K, used 384173K [0x00000006c0000000, 0x00000006e1300000, 0x000000076ab00000)
  object space 543744K, 70% used [0x00000006c0000000,0x00000006d772b790,0x00000006e1300000)
 Metaspace       used 9185K, capacity 9364K, committed 9472K, reserved 1056768K
  class space    used 1140K, capacity 1180K, committed 1280K, reserved 1048576K
}
Event: 18,802 GC heap before
{Heap before GC invocations=24 (full 4):
 PSYoungGen      total 484864K, used 429713K [0x000000076ab00000, 0x0000000793000000, 0x00000007c0000000)
  eden space 386048K, 100% used [0x000000076ab00000,0x0000000782400000,0x0000000782400000)
  from space 98816K, 44% used [0x0000000782400000,0x0000000784ea46a0,0x0000000788480000)
  to   space 94720K, 0% used [0x000000078d380000,0x000000078d380000,0x0000000793000000)
 ParOldGen       total 543744K, used 384173K [0x00000006c0000000, 0x00000006e1300000, 0x000000076ab00000)
  object space 543744K, 70% used [0x00000006c0000000,0x00000006d772b790,0x00000006e1300000)
 Metaspace       used 9185K, capacity 9364K, committed 9472K, reserved 1056768K
  class space    used 1140K, capacity 1180K, committed 1280K, reserved 1048576K
Event: 19,888 GC heap after
Heap after GC invocations=24 (full 4):
 PSYoungGen      total 567296K, used 42670K [0x000000076ab00000, 0x0000000792d00000, 0x00000007c0000000)
  eden space 475648K, 0% used [0x000000076ab00000,0x000000076ab00000,0x0000000787b80000)
  from space 91648K, 46% used [0x000000078d380000,0x000000078fd2bb68,0x0000000792d00000)
  to   space 90112K, 0% used [0x0000000787b80000,0x0000000787b80000,0x000000078d380000)
 ParOldGen       total 543744K, used 427261K [0x00000006c0000000, 0x00000006e1300000, 0x000000076ab00000)
  object space 543744K, 78% used [0x00000006c0000000,0x00000006da13f790,0x00000006e1300000)
 Metaspace       used 9185K, capacity 9364K, committed 9472K, reserved 1056768K
  class space    used 1140K, capacity 1180K, committed 1280K, reserved 1048576K
}
Event: 20,592 GC heap before
{Heap before GC invocations=25 (full 4):
 PSYoungGen      total 567296K, used 518318K [0x000000076ab00000, 0x0000000792d00000, 0x00000007c0000000)
  eden space 475648K, 100% used [0x000000076ab00000,0x0000000787b80000,0x0000000787b80000)
  from space 91648K, 46% used [0x000000078d380000,0x000000078fd2bb68,0x0000000792d00000)
  to   space 90112K, 0% used [0x0000000787b80000,0x0000000787b80000,0x000000078d380000)
 ParOldGen       total 543744K, used 427261K [0x00000006c0000000, 0x00000006e1300000, 0x000000076ab00000)
  object space 543744K, 78% used [0x00000006c0000000,0x00000006da13f790,0x00000006e1300000)
 Metaspace       used 9188K, capacity 9364K, committed 9472K, reserved 1056768K
  class space    used 1140K, capacity 1180K, committed 1280K, reserved 1048576K
Event: 21,134 GC heap after
Heap after GC invocations=25 (full 4):
 PSYoungGen      total 565760K, used 52241K [0x000000076ab00000, 0x0000000799780000, 0x00000007c0000000)
  eden space 475648K, 0% used [0x000000076ab00000,0x000000076ab00000,0x0000000787b80000)
  from space 90112K, 57% used [0x0000000787b80000,0x000000078ae844f0,0x000000078d380000)
  to   space 89600K, 0% used [0x0000000794000000,0x0000000794000000,0x0000000799780000)
 ParOldGen       total 543744K, used 469829K [0x00000006c0000000, 0x00000006e1300000, 0x000000076ab00000)
  object space 543744K, 86% used [0x00000006c0000000,0x00000006dcad1790,0x00000006e1300000)
 Metaspace       used 9188K, capacity 9364K, committed 9472K, reserved 1056768K
  class space    used 1140K, capacity 1180K, committed 1280K, reserved 1048576K
}
Event: 21,134 GC heap before
{Heap before GC invocations=26 (full 5):
 PSYoungGen      total 565760K, used 52241K [0x000000076ab00000, 0x0000000799780000, 0x00000007c0000000)
  eden space 475648K, 0% used [0x000000076ab00000,0x000000076ab00000,0x0000000787b80000)
  from space 90112K, 57% used [0x0000000787b80000,0x000000078ae844f0,0x000000078d380000)
  to   space 89600K, 0% used [0x0000000794000000,0x0000000794000000,0x0000000799780000)
 ParOldGen       total 543744K, used 469829K [0x00000006c0000000, 0x00000006e1300000, 0x000000076ab00000)
  object space 543744K, 86% used [0x00000006c0000000,0x00000006dcad1790,0x00000006e1300000)
 Metaspace       used 9188K, capacity 9364K, committed 9472K, reserved 1056768K
  class space    used 1140K, capacity 1180K, committed 1280K, reserved 1048576K
Event: 23,227 GC heap after
Heap after GC invocations=26 (full 5):
 PSYoungGen      total 565760K, used 0K [0x000000076ab00000, 0x0000000799780000, 0x00000007c0000000)
  eden space 475648K, 0% used [0x000000076ab00000,0x000000076ab00000,0x0000000787b80000)
  from space 90112K, 0% used [0x0000000787b80000,0x0000000787b80000,0x000000078d380000)
  to   space 89600K, 0% used [0x0000000794000000,0x0000000794000000,0x0000000799780000)
 ParOldGen       total 684032K, used 520893K [0x00000006c0000000, 0x00000006e9c00000, 0x000000076ab00000)
  object space 684032K, 76% used [0x00000006c0000000,0x00000006dfcaf628,0x00000006e9c00000)
 Metaspace       used 9188K, capacity 9364K, committed 9472K, reserved 1056768K
  class space    used 1140K, capacity 1180K, committed 1280K, reserved 1048576K
}
Event: 23,663 GC heap before
{Heap before GC invocations=27 (full 5):
 PSYoungGen      total 565760K, used 475648K [0x000000076ab00000, 0x0000000799780000, 0x00000007c0000000)
  eden space 475648K, 100% used [0x000000076ab00000,0x0000000787b80000,0x0000000787b80000)
  from space 90112K, 0% used [0x0000000787b80000,0x0000000787b80000,0x000000078d380000)
  to   space 89600K, 0% used [0x0000000794000000,0x0000000794000000,0x0000000799780000)
 ParOldGen       total 684032K, used 520893K [0x00000006c0000000, 0x00000006e9c00000, 0x000000076ab00000)
  object space 684032K, 76% used [0x00000006c0000000,0x00000006dfcaf628,0x00000006e9c00000)
 Metaspace       used 9189K, capacity 9364K, committed 9472K, reserved 1056768K
  class space    used 1140K, capacity 1180K, committed 1280K, reserved 1048576K
Event: 24,198 GC heap after
Heap after GC invocations=27 (full 5):
 PSYoungGen      total 656384K, used 51930K [0x000000076ab00000, 0x0000000798d00000, 0x00000007c0000000)
  eden space 577536K, 0% used [0x000000076ab00000,0x000000076ab00000,0x000000078df00000)
  from space 78848K, 65% used [0x0000000794000000,0x00000007972b6920,0x0000000798d00000)
  to   space 89088K, 0% used [0x000000078df00000,0x000000078df00000,0x0000000793600000)
 ParOldGen       total 684032K, used 520893K [0x00000006c0000000, 0x00000006e9c00000, 0x000000076ab00000)
  object space 684032K, 76% used [0x00000006c0000000,0x00000006dfcaf628,0x00000006e9c00000)
 Metaspace       used 9189K, capacity 9364K, committed 9472K, reserved 1056768K
  class space    used 1140K, capacity 1180K, committed 1280K, reserved 1048576K
}
Event: 24,853 GC heap before
{Heap before GC invocations=28 (full 5):
 PSYoungGen      total 656384K, used 629466K [0x000000076ab00000, 0x0000000798d00000, 0x00000007c0000000)
  eden space 577536K, 100% used [0x000000076ab00000,0x000000078df00000,0x000000078df00000)
  from space 78848K, 65% used [0x0000000794000000,0x00000007972b6920,0x0000000798d00000)
  to   space 89088K, 0% used [0x000000078df00000,0x000000078df00000,0x0000000793600000)
 ParOldGen       total 684032K, used 520893K [0x00000006c0000000, 0x00000006e9c00000, 0x000000076ab00000)
  object space 684032K, 76% used [0x00000006c0000000,0x00000006dfcaf628,0x00000006e9c00000)
 Metaspace       used 9189K, capacity 9364K, committed 9472K, reserved 1056768K
  class space    used 1140K, capacity 1180K, committed 1280K, reserved 1048576K

Deoptimization events (10 events):
Event: 2,455 Thread 0x00007f51644f5000 Uncommon trap: reason=unstable_if action=reinterpret pc=0x00007f51552ef204 method=java.lang.Long.valueOf(J)Ljava/lang/Long; @ 5
Event: 2,582 Thread 0x00007f51644f5000 Uncommon trap: reason=unstable_if action=reinterpret pc=0x00007f515531913c method=java.util.ArrayList$Itr.hasNext()Z @ 11
Event: 3,286 Thread 0x00007f51644f5000 Uncommon trap: reason=unstable_if action=reinterpret pc=0x00007f51553444b4 method=java.util.ArrayList.<init>(Ljava/util/Collection;)V @ 24
Event: 3,286 Thread 0x00007f51644f5000 Uncommon trap: reason=unstable_if action=reinterpret pc=0x00007f51553429a4 method=org.mapsforge.map.writer.util.OSMUtils.extractSpecialFields(Lorg/openstreetmap/osmosis/core/domain/v0_6/Entity;Ljava/util/List;)Lorg/mapsforge/map/writer/model/SpecialTagExt
Event: 3,287 Thread 0x00007f51644f5000 Uncommon trap: reason=unstable_if action=reinterpret pc=0x00007f51553922e8 method=org.mapsforge.map.writer.util.OSMUtils.extractKnownPOITags(Lorg/openstreetmap/osmosis/core/domain/v0_6/Entity;)[S @ 35
Event: 6,078 Thread 0x00007f51644f5000 Uncommon trap: reason=unstable_if action=reinterpret pc=0x00007f515536c390 method=org.mapsforge.map.writer.util.OSMUtils.extractKnownPOITags(Lorg/openstreetmap/osmosis/core/domain/v0_6/Entity;)[S @ 35
Event: 6,078 Thread 0x00007f51644f5000 Uncommon trap: reason=unstable_if action=reinterpret pc=0x00007f515533e6b4 method=org.mapsforge.map.writer.util.OSMUtils.extractKnownPOITags(Lorg/openstreetmap/osmosis/core/domain/v0_6/Entity;)[S @ 35
Event: 6,078 Thread 0x00007f51644f5000 Uncommon trap: reason=unstable_if action=reinterpret pc=0x00007f5155394e30 method=org.mapsforge.map.writer.util.OSMUtils.extractKnownPOITags(Lorg/openstreetmap/osmosis/core/domain/v0_6/Entity;)[S @ 35
Event: 7,518 Thread 0x00007f51644f5000 Uncommon trap: reason=unstable_if action=reinterpret pc=0x00007f51554ae814 method=java.lang.Integer.valueOf(I)Ljava/lang/Integer; @ 10
Event: 7,518 Thread 0x00007f51644f5000 Uncommon trap: reason=unstable_if action=reinterpret pc=0x00007f51552fa9e0 method=java.lang.Integer.valueOf(I)Ljava/lang/Integer; @ 10

Internal exceptions (9 events):
Event: 0,182 Thread 0x00007f516400a000 Exception <a 'java/lang/NoSuchMethodError': Method sun.misc.Unsafe.defineClass(Ljava/lang/String;[BII)Ljava/lang/Class; name or signature does not match> (0x000000076ab12b90) thrown at [/HUDSON/workspace/8-2-build-linux-amd64/jdk8u66/4988/hotspot/src/shar
Event: 0,182 Thread 0x00007f516400a000 Exception <a 'java/lang/NoSuchMethodError': Method sun.misc.Unsafe.prefetchRead(Ljava/lang/Object;J)V name or signature does not match> (0x000000076ab12e78) thrown at [/HUDSON/workspace/8-2-build-linux-amd64/jdk8u66/4988/hotspot/src/share/vm/prims/jni.cpp
Event: 0,704 Thread 0x00007f516400a000 Exception <a 'java/security/PrivilegedActionException'> (0x000000076ace2b50) thrown at [/HUDSON/workspace/8-2-build-linux-amd64/jdk8u66/4988/hotspot/src/share/vm/prims/jvm.cpp, line 1386]
Event: 0,704 Thread 0x00007f516400a000 Exception <a 'java/security/PrivilegedActionException'> (0x000000076ace2f48) thrown at [/HUDSON/workspace/8-2-build-linux-amd64/jdk8u66/4988/hotspot/src/share/vm/prims/jvm.cpp, line 1386]
Event: 0,710 Thread 0x00007f516400a000 Exception <a 'java/security/PrivilegedActionException'> (0x000000076ace5758) thrown at [/HUDSON/workspace/8-2-build-linux-amd64/jdk8u66/4988/hotspot/src/share/vm/prims/jvm.cpp, line 1386]
Event: 0,710 Thread 0x00007f516400a000 Exception <a 'java/security/PrivilegedActionException'> (0x000000076ace5b50) thrown at [/HUDSON/workspace/8-2-build-linux-amd64/jdk8u66/4988/hotspot/src/share/vm/prims/jvm.cpp, line 1386]
Event: 0,943 Thread 0x00007f516400a000 Exception <a 'java/security/PrivilegedActionException'> (0x000000076ad94d90) thrown at [/HUDSON/workspace/8-2-build-linux-amd64/jdk8u66/4988/hotspot/src/share/vm/prims/jvm.cpp, line 1386]
Event: 0,943 Thread 0x00007f516400a000 Exception <a 'java/security/PrivilegedActionException'> (0x000000076ad95188) thrown at [/HUDSON/workspace/8-2-build-linux-amd64/jdk8u66/4988/hotspot/src/share/vm/prims/jvm.cpp, line 1386]
Event: 1,286 Thread 0x00007f516400a000 Exception <a 'java/lang/NoClassDefFoundError': org/apache/log4j/Priority> (0x000000076b2a8450) thrown at [/HUDSON/workspace/8-2-build-linux-amd64/jdk8u66/4988/hotspot/src/share/vm/classfile/systemDictionary.cpp, line 199]

Events (10 events):
Event: 17,577 Executing VM operation: ParallelGCFailedAllocation done
Event: 17,927 Executing VM operation: ParallelGCFailedAllocation
Event: 18,307 Executing VM operation: ParallelGCFailedAllocation done
Event: 18,802 Executing VM operation: ParallelGCFailedAllocation
Event: 19,888 Executing VM operation: ParallelGCFailedAllocation done
Event: 20,592 Executing VM operation: ParallelGCFailedAllocation
Event: 23,227 Executing VM operation: ParallelGCFailedAllocation done
Event: 23,663 Executing VM operation: ParallelGCFailedAllocation
Event: 24,198 Executing VM operation: ParallelGCFailedAllocation done
Event: 24,853 Executing VM operation: ParallelGCFailedAllocation


Dynamic libraries:
00400000-00401000 r-xp 00000000 08:11 212787                             /usr/lib/jvm/java-8-oracle/jre/bin/java
00600000-00601000 rw-p 00000000 08:11 212787                             /usr/lib/jvm/java-8-oracle/jre/bin/java
006a9000-006ca000 rw-p 00000000 00:00 0                                  [heap]
6c0000000-6e9c00000 rw-p 00000000 00:00 0 
6f6500000-76ab00000 ---p 00000000 00:00 0 
76ab00000-798d00000 rw-p 00000000 00:00 0 
798d00000-7c0000000 ---p 00000000 00:00 0 
7c0000000-7c0140000 rw-p 00000000 00:00 0 
7c0140000-800000000 ---p 00000000 00:00 0 
7f5110000000-7f5110021000 rw-p 00000000 00:00 0 
7f5110021000-7f5114000000 ---p 00000000 00:00 0 
7f5114000000-7f511407c000 rw-p 00000000 00:00 0 
7f511407c000-7f5118000000 ---p 00000000 00:00 0 
7f5118000000-7f511865c000 rw-p 00000000 00:00 0 
7f511865c000-7f511c000000 ---p 00000000 00:00 0 
7f511c000000-7f511c021000 rw-p 00000000 00:00 0 
7f511c021000-7f5120000000 ---p 00000000 00:00 0 
7f5120000000-7f51209f7000 rw-p 00000000 00:00 0 
7f51209f7000-7f5124000000 ---p 00000000 00:00 0 
7f5124000000-7f5124c0b000 rw-p 00000000 00:00 0 
7f5124c0b000-7f5128000000 ---p 00000000 00:00 0 
7f5128000000-7f5128021000 rw-p 00000000 00:00 0 
7f5128021000-7f512c000000 ---p 00000000 00:00 0 
7f512c000000-7f512c021000 rw-p 00000000 00:00 0 
7f512c021000-7f5130000000 ---p 00000000 00:00 0 
7f5130000000-7f5130021000 rw-p 00000000 00:00 0 
7f5130021000-7f5134000000 ---p 00000000 00:00 0 
7f5136c9f000-7f5136ca6000 r--s 00000000 08:11 4311                       /usr/lib/x86_64-linux-gnu/gconv/gconv-modules.cache
7f5136ca6000-7f5136cc9000 r--p 00000000 08:11 144684                     /usr/share/locale-langpack/it/LC_MESSAGES/libc.mo
7f5136cc9000-7f5136cda000 r-xp 00000000 08:11 213100                     /usr/lib/jvm/java-8-oracle/jre/lib/amd64/libnio.so
7f5136cda000-7f5136ed9000 ---p 00011000 08:11 213100                     /usr/lib/jvm/java-8-oracle/jre/lib/amd64/libnio.so
7f5136ed9000-7f5136eda000 rw-p 00010000 08:11 213100                     /usr/lib/jvm/java-8-oracle/jre/lib/amd64/libnio.so
7f5136eda000-7f51371db000 rw-p 00000000 00:00 0 
7f51371db000-7f51371f1000 r-xp 00000000 08:11 213097                     /usr/lib/jvm/java-8-oracle/jre/lib/amd64/libnet.so
7f51371f1000-7f51373f1000 ---p 00016000 08:11 213097                     /usr/lib/jvm/java-8-oracle/jre/lib/amd64/libnet.so
7f51373f1000-7f51373f2000 rw-p 00016000 08:11 213097                     /usr/lib/jvm/java-8-oracle/jre/lib/amd64/libnet.so
7f51373f2000-7f51373f5000 ---p 00000000 00:00 0 
7f51373f5000-7f51374f3000 rw-p 00000000 00:00 0                          [stack:9116]
7f51374f3000-7f5137505000 r--s 00345000 08:11 212820                     /usr/lib/jvm/java-8-oracle/jre/lib/resources.jar
7f5137505000-7f5137509000 r--s 00029000 08:13 5508446                    /home/michele/osmosis/lib/default/osmosis-osm-binary-0.44.1.jar
7f5137509000-7f5137519000 r--s 000bc000 08:13 5505347                    /home/michele/osmosis/lib/default/netty-3.2.10.Final.jar
7f5137519000-7f513751e000 r--s 00073000 08:13 5505345                    /home/michele/osmosis/lib/default/woodstox-core-lgpl-4.4.1.jar
7f513751e000-7f5137526000 r--s 00097000 08:13 5505349                    /home/michele/osmosis/lib/default/postgresql-9.4-1201-jdbc4.jar
7f5137526000-7f513752d000 r--s 00056000 08:13 5505354                    /home/michele/osmosis/lib/default/commons-compress-1.9.jar
7f513752d000-7f513752e000 ---p 00000000 00:00 0 
7f513752e000-7f513762e000 rw-p 00000000 00:00 0                          [stack:9115]
7f513762e000-7f5137631000 ---p 00000000 00:00 0 
7f5137631000-7f513772f000 rw-p 00000000 00:00 0                          [stack:9114]
7f513772f000-7f5137732000 ---p 00000000 00:00 0 
7f5137732000-7f5137830000 rw-p 00000000 00:00 0                          [stack:9113]
7f5137830000-7f5137833000 ---p 00000000 00:00 0 
7f5137833000-7f5137931000 rw-p 00000000 00:00 0                          [stack:9112]
7f5137931000-7f5137934000 ---p 00000000 00:00 0 
7f5137934000-7f5137a32000 rw-p 00000000 00:00 0                          [stack:9111]
7f5137a32000-7f5137a35000 ---p 00000000 00:00 0 
7f5137a35000-7f5137b33000 rw-p 00000000 00:00 0                          [stack:9110]
7f5137b33000-7f5137dfe000 r--p 00000000 08:11 74100                      /usr/lib/locale/locale-archive
7f5137dfe000-7f5137e01000 ---p 00000000 00:00 0 
7f5137e01000-7f5137eff000 rw-p 00000000 00:00 0                          [stack:9109]
7f5137eff000-7f5137f02000 ---p 00000000 00:00 0 
7f5137f02000-7f5138000000 rw-p 00000000 00:00 0                          [stack:9108]
7f5138000000-7f513830d000 rw-p 00000000 00:00 0 
7f513830d000-7f513c000000 ---p 00000000 00:00 0 
7f513c000000-7f513c021000 rw-p 00000000 00:00 0 
7f513c021000-7f5140000000 ---p 00000000 00:00 0 
7f5140000000-7f514040b000 rw-p 00000000 00:00 0 
7f514040b000-7f5144000000 ---p 00000000 00:00 0 
7f5144000000-7f5144773000 rw-p 00000000 00:00 0 
7f5144773000-7f5148000000 ---p 00000000 00:00 0 
7f5148000000-7f51483c9000 rw-p 00000000 00:00 0 
7f51483c9000-7f514c000000 ---p 00000000 00:00 0 
7f514c001000-7f514c002000 rw-p 00000000 00:00 0 
7f514c002000-7f514c003000 r--s 00006000 08:13 5508443                    /home/michele/osmosis/lib/default/osmosis-tagfilter-0.44.1.jar
7f514c003000-7f514c006000 r--s 0001c000 08:13 5505369                    /home/michele/osmosis/lib/default/osmosis-apidb-0.44.1.jar
7f514c006000-7f514c009000 r--s 00012000 08:13 5508445                    /home/michele/osmosis/lib/default/osmosis-xml-0.44.1.jar
7f514c009000-7f514c00c000 r--s 00015000 08:13 5505341                    /home/michele/osmosis/lib/default/commons-pool-1.5.4.jar
7f514c00c000-7f514c016000 r--s 0005f000 08:13 5505348                    /home/michele/osmosis/lib/default/spring-jdbc-4.1.6.RELEASE.jar
7f514c016000-7f514c018000 r--s 0000e000 08:13 5505368                    /home/michele/osmosis/lib/default/commons-logging-1.2.jar
7f514c018000-7f514c02d000 r--s 000e2000 08:13 5505360                    /home/michele/osmosis/lib/default/spring-core-4.1.6.RELEASE.jar
7f514c02d000-7f514c030000 r--s 00025000 08:13 5505342                    /home/michele/osmosis/lib/default/commons-dbcp-1.4.jar
7f514c030000-7f514c031000 r--s 00002000 08:13 5508435                    /home/michele/osmosis/lib/default/osmosis-extract-0.44.1.jar
7f514c031000-7f514c094000 r--s 00538000 08:13 3934859                    /home/michele/osmosis/lib/default/mapsforge-map-writer-0.6.0.jar
7f514c094000-7f514c098000 r--s 0002c000 08:13 5505339                    /home/michele/osmosis/lib/default/jpf-1.5.jar
7f514c098000-7f514c09a000 r--s 00005000 08:13 5508436                    /home/michele/osmosis/lib/default/osmosis-pbf-0.44.1.jar
7f514c09a000-7f514c09c000 r--s 0000c000 08:13 5508440                    /home/michele/osmosis/lib/default/osmosis-replication-0.44.1.jar
7f514c09c000-7f514c09e000 r--s 00004000 08:13 5508437                    /home/michele/osmosis/lib/default/osmosis-pbf2-0.44.1.jar
7f514c09e000-7f514c0a1000 r--s 0001a000 08:13 5508438                    /home/michele/osmosis/lib/default/osmosis-pgsimple-0.44.1.jar
7f514c0a1000-7f514c0a3000 r--s 00006000 08:13 5508442                    /home/michele/osmosis/lib/default/osmosis-set-0.44.1.jar
7f514c0a3000-7f514c0a5000 r--s 00009000 08:13 5508434                    /home/michele/osmosis/lib/default/osmosis-dataset-0.44.1.jar
7f514c0a5000-7f514c0ad000 r--s 0008a000 08:13 5505357                    /home/michele/osmosis/lib/default/protobuf-java-2.6.1.jar
7f514c0ad000-7f514c0c9000 r--s 00393000 08:11 212955                     /usr/lib/jvm/java-8-oracle/jre/lib/ext/cldrdata.jar
7f514c0c9000-7f514c0d3000 r--s 00116000 08:11 212962                     /usr/lib/jvm/java-8-oracle/jre/lib/ext/localedata.jar
7f514c0d3000-7f514c0dd000 r--s 00044000 08:13 5508433                    /home/michele/osmosis/lib/default/osmosis-core-0.44.1.jar
7f514c0dd000-7f514c0e4000 r--s 0003f000 08:13 5505358                    /home/michele/osmosis/lib/default/commons-codec-1.10.jar
7f514c0e4000-7f514c0f1000 r--s 000a0000 08:13 5505359                    /home/michele/osmosis/lib/default/spring-beans-4.1.6.RELEASE.jar
7f514c0f1000-7f514c0f2000 ---p 00000000 00:00 0 
7f514c0f2000-7f5155000000 rw-p 00000000 00:00 0                          [stack:9107]
7f5155000000-7f5155570000 rwxp 00000000 00:00 0 
7f5155570000-7f5164000000 ---p 00000000 00:00 0 
7f5164000000-7f516450a000 rw-p 00000000 00:00 0 
7f516450a000-7f5168000000 ---p 00000000 00:00 0 
7f5168000000-7f5168004000 r--s 00024000 08:13 5505346                    /home/michele/osmosis/lib/default/stax2-api-3.1.4.jar
7f5168004000-7f5168006000 r--s 0000d000 08:13 5508441                    /home/michele/osmosis/lib/default/osmosis-replication-http-0.44.1.jar
7f5168006000-7f516801e000 r--s 00115000 08:13 5505340                    /home/michele/osmosis/lib/default/xercesImpl-2.9.1.jar
7f516801e000-7f5168213000 rw-p 00000000 00:00 0 
7f5168213000-7f51683ec000 r--s 03d20000 08:11 212816                     /usr/lib/jvm/java-8-oracle/jre/lib/rt.jar
7f51683ec000-7f5169462000 rw-p 00000000 00:00 0 
7f5169462000-7f5169463000 ---p 00000000 00:00 0 
7f5169463000-7f5169563000 rw-p 00000000 00:00 0                          [stack:9106]
7f5169563000-7f5169564000 ---p 00000000 00:00 0 
7f5169564000-7f5169664000 rw-p 00000000 00:00 0                          [stack:9105]
7f5169664000-7f5169665000 ---p 00000000 00:00 0 
7f5169665000-7f5169765000 rw-p 00000000 00:00 0                          [stack:9104]
7f5169765000-7f5169766000 ---p 00000000 00:00 0 
7f5169766000-7f51699b4000 rw-p 00000000 00:00 0                          [stack:9103]
7f51699b4000-7f5169dbc000 ---p 00000000 00:00 0 
7f5169dbc000-7f5169f0a000 rw-p 00000000 00:00 0 
7f5169f0a000-7f516a311000 ---p 00000000 00:00 0 
7f516a311000-7f516a483000 rw-p 00000000 00:00 0 
7f516a483000-7f516a5bc000 ---p 00000000 00:00 0 
7f516a5bc000-7f516a5d3000 rw-p 00000000 00:00 0 
7f516a5d3000-7f516a97d000 ---p 00000000 00:00 0 
7f516a97d000-7f516a997000 r-xp 00000000 08:11 213093                     /usr/lib/jvm/java-8-oracle/jre/lib/amd64/libzip.so
7f516a997000-7f516ab97000 ---p 0001a000 08:11 213093                     /usr/lib/jvm/java-8-oracle/jre/lib/amd64/libzip.so
7f516ab97000-7f516ab98000 rw-p 0001a000 08:11 213093                     /usr/lib/jvm/java-8-oracle/jre/lib/amd64/libzip.so
7f516ab98000-7f516aba4000 r-xp 00000000 08:11 261340                     /lib/x86_64-linux-gnu/libnss_files-2.21.so
7f516aba4000-7f516ada3000 ---p 0000c000 08:11 261340                     /lib/x86_64-linux-gnu/libnss_files-2.21.so
7f516ada3000-7f516ada4000 r--p 0000b000 08:11 261340                     /lib/x86_64-linux-gnu/libnss_files-2.21.so
7f516ada4000-7f516ada5000 rw-p 0000c000 08:11 261340                     /lib/x86_64-linux-gnu/libnss_files-2.21.so
7f516ada5000-7f516adb0000 r-xp 00000000 08:11 261311                     /lib/x86_64-linux-gnu/libnss_nis-2.21.so
7f516adb0000-7f516afaf000 ---p 0000b000 08:11 261311                     /lib/x86_64-linux-gnu/libnss_nis-2.21.so
7f516afaf000-7f516afb0000 r--p 0000a000 08:11 261311                     /lib/x86_64-linux-gnu/libnss_nis-2.21.so
7f516afb0000-7f516afb1000 rw-p 0000b000 08:11 261311                     /lib/x86_64-linux-gnu/libnss_nis-2.21.so
7f516afb1000-7f516afc8000 r-xp 00000000 08:11 261358                     /lib/x86_64-linux-gnu/libnsl-2.21.so
7f516afc8000-7f516b1c7000 ---p 00017000 08:11 261358                     /lib/x86_64-linux-gnu/libnsl-2.21.so
7f516b1c7000-7f516b1c8000 r--p 00016000 08:11 261358                     /lib/x86_64-linux-gnu/libnsl-2.21.so
7f516b1c8000-7f516b1c9000 rw-p 00017000 08:11 261358                     /lib/x86_64-linux-gnu/libnsl-2.21.so
7f516b1c9000-7f516b1cb000 rw-p 00000000 00:00 0 
7f516b1cb000-7f516b1d3000 r-xp 00000000 08:11 261344                     /lib/x86_64-linux-gnu/libnss_compat-2.21.so
7f516b1d3000-7f516b3d2000 ---p 00008000 08:11 261344                     /lib/x86_64-linux-gnu/libnss_compat-2.21.so
7f516b3d2000-7f516b3d3000 r--p 00007000 08:11 261344                     /lib/x86_64-linux-gnu/libnss_compat-2.21.so
7f516b3d3000-7f516b3d4000 rw-p 00008000 08:11 261344                     /lib/x86_64-linux-gnu/libnss_compat-2.21.so
7f516b3d4000-7f516b3fe000 r-xp 00000000 08:11 213088                     /usr/lib/jvm/java-8-oracle/jre/lib/amd64/libjava.so
7f516b3fe000-7f516b5fe000 ---p 0002a000 08:11 213088                     /usr/lib/jvm/java-8-oracle/jre/lib/amd64/libjava.so
7f516b5fe000-7f516b600000 rw-p 0002a000 08:11 213088                     /usr/lib/jvm/java-8-oracle/jre/lib/amd64/libjava.so
7f516b600000-7f516b60d000 r-xp 00000000 08:11 213092                     /usr/lib/jvm/java-8-oracle/jre/lib/amd64/libverify.so
7f516b60d000-7f516b80d000 ---p 0000d000 08:11 213092                     /usr/lib/jvm/java-8-oracle/jre/lib/amd64/libverify.so
7f516b80d000-7f516b80f000 rw-p 0000d000 08:11 213092                     /usr/lib/jvm/java-8-oracle/jre/lib/amd64/libverify.so
7f516b80f000-7f516b816000 r-xp 00000000 08:11 261362                     /lib/x86_64-linux-gnu/librt-2.21.so
7f516b816000-7f516ba15000 ---p 00007000 08:11 261362                     /lib/x86_64-linux-gnu/librt-2.21.so
7f516ba15000-7f516ba16000 r--p 00006000 08:11 261362                     /lib/x86_64-linux-gnu/librt-2.21.so
7f516ba16000-7f516ba17000 rw-p 00007000 08:11 261362                     /lib/x86_64-linux-gnu/librt-2.21.so
7f516ba17000-7f516bb1e000 r-xp 00000000 08:11 261354                     /lib/x86_64-linux-gnu/libm-2.21.so
7f516bb1e000-7f516bd1d000 ---p 00107000 08:11 261354                     /lib/x86_64-linux-gnu/libm-2.21.so
7f516bd1d000-7f516bd1e000 r--p 00106000 08:11 261354                     /lib/x86_64-linux-gnu/libm-2.21.so
7f516bd1e000-7f516bd1f000 rw-p 00107000 08:11 261354                     /lib/x86_64-linux-gnu/libm-2.21.so
7f516bd1f000-7f516c9dd000 r-xp 00000000 08:11 213115                     /usr/lib/jvm/java-8-oracle/jre/lib/amd64/server/libjvm.so
7f516c9dd000-7f516cbdc000 ---p 00cbe000 08:11 213115                     /usr/lib/jvm/java-8-oracle/jre/lib/amd64/server/libjvm.so
7f516cbdc000-7f516ccb5000 rw-p 00cbd000 08:11 213115                     /usr/lib/jvm/java-8-oracle/jre/lib/amd64/server/libjvm.so
7f516ccb5000-7f516ccf9000 rw-p 00000000 00:00 0 
7f516ccf9000-7f516ceb9000 r-xp 00000000 08:11 261479                     /lib/x86_64-linux-gnu/libc-2.21.so
7f516ceb9000-7f516d0b9000 ---p 001c0000 08:11 261479                     /lib/x86_64-linux-gnu/libc-2.21.so
7f516d0b9000-7f516d0bd000 r--p 001c0000 08:11 261479                     /lib/x86_64-linux-gnu/libc-2.21.so
7f516d0bd000-7f516d0bf000 rw-p 001c4000 08:11 261479                     /lib/x86_64-linux-gnu/libc-2.21.so
7f516d0bf000-7f516d0c3000 rw-p 00000000 00:00 0 
7f516d0c3000-7f516d0c6000 r-xp 00000000 08:11 261322                     /lib/x86_64-linux-gnu/libdl-2.21.so
7f516d0c6000-7f516d2c5000 ---p 00003000 08:11 261322                     /lib/x86_64-linux-gnu/libdl-2.21.so
7f516d2c5000-7f516d2c6000 r--p 00002000 08:11 261322                     /lib/x86_64-linux-gnu/libdl-2.21.so
7f516d2c6000-7f516d2c7000 rw-p 00003000 08:11 261322                     /lib/x86_64-linux-gnu/libdl-2.21.so
7f516d2c7000-7f516d2dc000 r-xp 00000000 08:11 213111                     /usr/lib/jvm/java-8-oracle/jre/lib/amd64/jli/libjli.so
7f516d2dc000-7f516d4dc000 ---p 00015000 08:11 213111                     /usr/lib/jvm/java-8-oracle/jre/lib/amd64/jli/libjli.so
7f516d4dc000-7f516d4dd000 rw-p 00015000 08:11 213111                     /usr/lib/jvm/java-8-oracle/jre/lib/amd64/jli/libjli.so
7f516d4dd000-7f516d4f5000 r-xp 00000000 08:11 261334                     /lib/x86_64-linux-gnu/libpthread-2.21.so
7f516d4f5000-7f516d6f5000 ---p 00018000 08:11 261334                     /lib/x86_64-linux-gnu/libpthread-2.21.so
7f516d6f5000-7f516d6f6000 r--p 00018000 08:11 261334                     /lib/x86_64-linux-gnu/libpthread-2.21.so
7f516d6f6000-7f516d6f7000 rw-p 00019000 08:11 261334                     /lib/x86_64-linux-gnu/libpthread-2.21.so
7f516d6f7000-7f516d6fb000 rw-p 00000000 00:00 0 
7f516d6fb000-7f516d71f000 r-xp 00000000 08:11 261332                     /lib/x86_64-linux-gnu/ld-2.21.so
7f516d71f000-7f516d720000 r--s 00004000 08:13 5505375                    /home/michele/osmosis/lib/default/osmosis-areafilter-0.44.1.jar
7f516d720000-7f516d722000 r--s 00006000 08:13 5508444                    /home/michele/osmosis/lib/default/osmosis-tagtransform-0.44.1.jar
7f516d722000-7f516d72b000 r--s 000e4000 08:13 5505350                    /home/michele/osmosis/lib/default/mysql-connector-java-5.1.35.jar
7f516d72b000-7f516d72d000 r--s 00011000 08:13 5505343                    /home/michele/osmosis/lib/default/postgis-jdbc-1.3.3.jar
7f516d72d000-7f516d730000 r--s 00018000 08:13 5508439                    /home/michele/osmosis/lib/default/osmosis-pgsnapshot-0.44.1.jar
7f516d730000-7f516d737000 r--s 00037000 08:13 5505362                    /home/michele/osmosis/lib/default/spring-tx-4.1.6.RELEASE.jar
7f516d737000-7f516d739000 r--s 0000b000 08:13 5505344                    /home/michele/osmosis/lib/default/plexus-classworlds-2.5.2.jar
7f516d739000-7f516d7e4000 rw-p 00000000 00:00 0 
7f516d7e4000-7f516d7e7000 ---p 00000000 00:00 0 
7f516d7e7000-7f516d8e9000 rw-p 00000000 00:00 0                          [stack:9102]
7f516d8e9000-7f516d8ea000 r--s 00001000 08:13 5508447                    /home/michele/osmosis/lib/default/osmosis-hstore-jdbc-0.44.1.jar
7f516d8ea000-7f516d912000 rw-p 00000000 00:00 0 
7f516d912000-7f516d91a000 rw-s 00000000 08:11 243046                     /tmp/hsperfdata_michele/9096
7f516d91a000-7f516d91b000 rw-p 00000000 00:00 0 
7f516d91b000-7f516d91c000 ---p 00000000 00:00 0 
7f516d91c000-7f516d91e000 rw-p 00000000 00:00 0 
7f516d91e000-7f516d91f000 r--p 00023000 08:11 261332                     /lib/x86_64-linux-gnu/ld-2.21.so
7f516d91f000-7f516d920000 rw-p 00024000 08:11 261332                     /lib/x86_64-linux-gnu/ld-2.21.so
7f516d920000-7f516d921000 rw-p 00000000 00:00 0 
7ffc1ded0000-7ffc1def1000 rw-p 00000000 00:00 0                          [stack]
7ffc1df9d000-7ffc1df9f000 r--p 00000000 00:00 0                          [vvar]
7ffc1df9f000-7ffc1dfa1000 r-xp 00000000 00:00 0                          [vdso]
ffffffffff600000-ffffffffff601000 r-xp 00000000 00:00 0                  [vsyscall]

VM Arguments:
jvm_args: -Xmx4G -Dapp.home=/home/michele/osmosis -Dclassworlds.conf=/home/michele/osmosis/config/plexus.conf 
java_command: org.codehaus.classworlds.Launcher --rb file=/home/michele/Scrivania/BDTRE/uscita-map/merge.pbf --mw file=/home/michele/Scrivania/BDTRE/uscita-map/merge.map tag-conf-file=/home/michele/Scrivania/BDTRE/tag-mapping.xml bbox=45.313529,7.5997925,45.4851692,7.9266357
java_class_path (initial): /home/michele/osmosis/lib/default/plexus-classworlds-2.5.2.jar
Launcher Type: SUN_STANDARD

Environment Variables:
JAVA_HOME=/usr/lib/jvm/java-8-oracle
PATH=/usr/local/sbin:/usr/local/bin:/usr/sbin:/usr/bin:/sbin:/bin:/usr/games:/usr/local/games:/usr/lib/jvm/java-8-oracle/bin:/usr/lib/jvm/java-8-oracle/db/bin:/usr/lib/jvm/java-8-oracle/jre/bin
SHELL=/bin/bash
DISPLAY=:0

Signal Handlers:
SIGSEGV: [libjvm.so+0xaba2a0], sa_mask[0]=11111111011111111101111111111110, sa_flags=SA_RESTART|SA_SIGINFO
SIGBUS: [libjvm.so+0xaba2a0], sa_mask[0]=11111111011111111101111111111110, sa_flags=SA_RESTART|SA_SIGINFO
SIGFPE: [libjvm.so+0x917710], sa_mask[0]=11111111011111111101111111111110, sa_flags=SA_RESTART|SA_SIGINFO
SIGPIPE: [libjvm.so+0x917710], sa_mask[0]=11111111011111111101111111111110, sa_flags=SA_RESTART|SA_SIGINFO
SIGXFSZ: [libjvm.so+0x917710], sa_mask[0]=11111111011111111101111111111110, sa_flags=SA_RESTART|SA_SIGINFO
SIGILL: [libjvm.so+0x917710], sa_mask[0]=11111111011111111101111111111110, sa_flags=SA_RESTART|SA_SIGINFO
SIGUSR1: SIG_DFL, sa_mask[0]=00000000000000000000000000000000, sa_flags=none
SIGUSR2: [libjvm.so+0x918d40], sa_mask[0]=00000000000000000000000000000000, sa_flags=SA_RESTART|SA_SIGINFO
SIGHUP: [libjvm.so+0x91a140], sa_mask[0]=11111111011111111101111111111110, sa_flags=SA_RESTART|SA_SIGINFO
SIGINT: [libjvm.so+0x91a140], sa_mask[0]=11111111011111111101111111111110, sa_flags=SA_RESTART|SA_SIGINFO
SIGTERM: [libjvm.so+0x91a140], sa_mask[0]=11111111011111111101111111111110, sa_flags=SA_RESTART|SA_SIGINFO
SIGQUIT: [libjvm.so+0x91a140], sa_mask[0]=11111111011111111101111111111110, sa_flags=SA_RESTART|SA_SIGINFO


---------------  S Y S T E M  ---------------

OS:DISTRIB_ID=Ubuntu
DISTRIB_RELEASE=15.10
DISTRIB_CODENAME=wily
DISTRIB_DESCRIPTION="Ubuntu 15.10"

uname:Linux 4.2.0-22-generic #27-Ubuntu SMP Thu Dec 17 22:57:08 UTC 2015 x86_64
libc:glibc 2.21 NPTL 2.21 
rlimit: STACK 8192k, CORE 0k, NPROC 15415, NOFILE 65536, AS infinity
load average:3,81 1,60 0,68

/proc/meminfo:
MemTotal:        4046544 kB
MemFree:           39392 kB
MemAvailable:     176948 kB
Buffers:           13268 kB
Cached:           153548 kB
SwapCached:            0 kB
Active:          3757276 kB
Inactive:          94820 kB
Active(anon):    3687756 kB
Inactive(anon):    29348 kB
Active(file):      69520 kB
Inactive(file):    65472 kB
Unevictable:          32 kB
Mlocked:              32 kB
SwapTotal:             0 kB
SwapFree:              0 kB
Dirty:                96 kB
Writeback:             0 kB
AnonPages:       3685876 kB
Mapped:           153340 kB
Shmem:             31296 kB
Slab:              63520 kB
SReclaimable:      32288 kB
SUnreclaim:        31232 kB
KernelStack:        7824 kB
PageTables:        27648 kB
NFS_Unstable:          0 kB
Bounce:                0 kB
WritebackTmp:          0 kB
CommitLimit:     2023272 kB
Committed_AS:    5911480 kB
VmallocTotal:   34359738367 kB
VmallocUsed:      306728 kB
VmallocChunk:   34358947836 kB
HardwareCorrupted:     0 kB
AnonHugePages:   2144256 kB
CmaTotal:              0 kB
CmaFree:               0 kB
HugePages_Total:       0
HugePages_Free:        0
HugePages_Rsvd:        0
HugePages_Surp:        0
Hugepagesize:       2048 kB
DirectMap4k:      255488 kB
DirectMap2M:     3938304 kB
DirectMap1G:           0 kB


CPU:total 4 (4 cores per cpu, 1 threads per core) family 16 model 4 stepping 2, cmov, cx8, fxsr, mmx, sse, sse2, sse3, popcnt, mmxext, 3dnowpref, lzcnt, sse4a, tsc, tscinvbit, tscinv

/proc/cpuinfo:
processor	: 0
vendor_id	: AuthenticAMD
cpu family	: 16
model		: 4
model name	: AMD Phenom(tm) II X4 955 Processor
stepping	: 2
microcode	: 0x1000086
cpu MHz		: 2500.000
cache size	: 512 KB
physical id	: 0
siblings	: 4
core id		: 0
cpu cores	: 4
apicid		: 0
initial apicid	: 0
fpu		: yes
fpu_exception	: yes
cpuid level	: 5
wp		: yes
flags		: fpu vme de pse tsc msr pae mce cx8 apic sep mtrr pge mca cmov pat pse36 clflush mmx fxsr sse sse2 ht syscall nx mmxext fxsr_opt pdpe1gb rdtscp lm 3dnowext 3dnow constant_tsc rep_good nopl nonstop_tsc extd_apicid pni monitor cx16 popcnt lahf_lm cmp_legacy svm extapic cr8_legacy abm sse4a misalignsse 3dnowprefetch osvw ibs skinit wdt hw_pstate npt lbrv svm_lock nrip_save vmmcall
bugs		: tlb_mmatch apic_c1e fxsave_leak sysret_ss_attrs
bogomips	: 6399.49
TLB size	: 1024 4K pages
clflush size	: 64
cache_alignment	: 64
address sizes	: 48 bits physical, 48 bits virtual
power management: ts ttp tm stc 100mhzsteps hwpstate

processor	: 1
vendor_id	: AuthenticAMD
cpu family	: 16
model		: 4
model name	: AMD Phenom(tm) II X4 955 Processor
stepping	: 2
microcode	: 0x1000086
cpu MHz		: 3200.000
cache size	: 512 KB
physical id	: 0
siblings	: 4
core id		: 1
cpu cores	: 4
apicid		: 1
initial apicid	: 1
fpu		: yes
fpu_exception	: yes
cpuid level	: 5
wp		: yes
flags		: fpu vme de pse tsc msr pae mce cx8 apic sep mtrr pge mca cmov pat pse36 clflush mmx fxsr sse sse2 ht syscall nx mmxext fxsr_opt pdpe1gb rdtscp lm 3dnowext 3dnow constant_tsc rep_good nopl nonstop_tsc extd_apicid pni monitor cx16 popcnt lahf_lm cmp_legacy svm extapic cr8_legacy abm sse4a misalignsse 3dnowprefetch osvw ibs skinit wdt hw_pstate npt lbrv svm_lock nrip_save vmmcall
bugs		: tlb_mmatch apic_c1e fxsave_leak sysret_ss_attrs
bogomips	: 6399.49
TLB size	: 1024 4K pages
clflush size	: 64
cache_alignment	: 64
address sizes	: 48 bits physical, 48 bits virtual
power management: ts ttp tm stc 100mhzsteps hwpstate

processor	: 2
vendor_id	: AuthenticAMD
cpu family	: 16
model		: 4
model name	: AMD Phenom(tm) II X4 955 Processor
stepping	: 2
microcode	: 0x1000086
cpu MHz		: 3200.000
cache size	: 512 KB
physical id	: 0
siblings	: 4
core id		: 2
cpu cores	: 4
apicid		: 2
initial apicid	: 2
fpu		: yes
fpu_exception	: yes
cpuid level	: 5
wp		: yes
flags		: fpu vme de pse tsc msr pae mce cx8 apic sep mtrr pge mca cmov pat pse36 clflush mmx fxsr sse sse2 ht syscall nx mmxext fxsr_opt pdpe1gb rdtscp lm 3dnowext 3dnow constant_tsc rep_good nopl nonstop_tsc extd_apicid pni monitor cx16 popcnt lahf_lm cmp_legacy svm extapic cr8_legacy abm sse4a misalignsse 3dnowprefetch osvw ibs skinit wdt hw_pstate npt lbrv svm_lock nrip_save vmmcall
bugs		: tlb_mmatch apic_c1e fxsave_leak sysret_ss_attrs
bogomips	: 6399.49
TLB size	: 1024 4K pages
clflush size	: 64
cache_alignment	: 64
address sizes	: 48 bits physical, 48 bits virtual
power management: ts ttp tm stc 100mhzsteps hwpstate

processor	: 3
vendor_id	: AuthenticAMD
cpu family	: 16
model		: 4
model name	: AMD Phenom(tm) II X4 955 Processor
stepping	: 2
microcode	: 0x1000086
cpu MHz		: 3200.000
cache size	: 512 KB
physical id	: 0
siblings	: 4
core id		: 3
cpu cores	: 4
apicid		: 3
initial apicid	: 3
fpu		: yes
fpu_exception	: yes
cpuid level	: 5
wp		: yes
flags		: fpu vme de pse tsc msr pae mce cx8 apic sep mtrr pge mca cmov pat pse36 clflush mmx fxsr sse sse2 ht syscall nx mmxext fxsr_opt pdpe1gb rdtscp lm 3dnowext 3dnow constant_tsc rep_good nopl nonstop_tsc extd_apicid pni monitor cx16 popcnt lahf_lm cmp_legacy svm extapic cr8_legacy abm sse4a misalignsse 3dnowprefetch osvw ibs skinit wdt hw_pstate npt lbrv svm_lock nrip_save vmmcall
bugs		: tlb_mmatch apic_c1e fxsave_leak sysret_ss_attrs
bogomips	: 6399.49
TLB size	: 1024 4K pages
clflush size	: 64
cache_alignment	: 64
address sizes	: 48 bits physical, 48 bits virtual
power management: ts ttp tm stc 100mhzsteps hwpstate



Memory: 4k page, physical 4046544k(38788k free), swap 0k(0k free)

vm_info: Java HotSpot(TM) 64-Bit Server VM (25.66-b17) for linux-amd64 JRE (1.8.0_66-b17), built on Oct  6 2015 17:28:34 by "java_re" with gcc 4.3.0 20080428 (Red Hat 4.3.0-8)

time: Wed Jan  6 01:26:27 2016
elapsed time: 24 seconds (0d 0h 0m 24s)

